# JRE version: OpenJDK Runtime Environment Temurin-17.0.4.1+1 (17.0.4.1+1) (build 17.0.4.1+1)
# Java VM: OpenJDK 64-Bit Server VM Temurin-17.0.4.1+1 (17.0.4.1+1, mixed mode, emulated-client, tiered, compressed oops, compressed class ptrs, g1 gc, windows-amd64)
GC Precious Log:
 CPUs: 8 total, 8 available
 Memory: 6091M
 Large Page Support: Disabled
 NUMA Support: Disabled
 Compressed Oops: Enabled (32-bit)
 Heap Region Size: 1M
 Heap Min Capacity: 8M
 Heap Initial Capacity: 96M
 Heap Max Capacity: 1524M
 Pre-touch: Disabled
 Parallel Workers: 8
 Concurrent Workers: 2
 Concurrent Refinement Workers: 8
 Periodic GC: Disabled
Heap:
 garbage-first heap   total 78848K, used 23480K [0x00000000a0c00000, 0x0000000100000000)
  region size 1024K, 1 young (1024K), 0 survivors (0K)
 Metaspace       used 41597K, committed 41984K, reserved 1089536K
  class space    used 5728K, committed 5888K, reserved 1048576K
GC Heap History (20 events):
Event: 46894.927 GC heap before
{Heap before GC invocations=1860 (full 1821):
 garbage-first heap   total 78848K, used 23480K [0x00000000a0c00000, 0x0000000100000000)
  region size 1024K, 1 young (1024K), 0 survivors (0K)
 Metaspace       used 41597K, committed 41984K, reserved 1089536K
  class space    used 5728K, committed 5888K, reserved 1048576K
}
Event: 46894.963 GC heap after
{Heap after GC invocations=1861 (full 1822):
 garbage-first heap   total 78848K, used 23480K [0x00000000a0c00000, 0x0000000100000000)
  region size 1024K, 0 young (0K), 0 survivors (0K)
 Metaspace       used 41597K, committed 41984K, reserved 1089536K
  class space    used 5728K, committed 5888K, reserved 1048576K
}
Event: 46905.168 GC heap before
{Heap before GC invocations=1861 (full 1822):
 garbage-first heap   total 78848K, used 23480K [0x00000000a0c00000, 0x0000000100000000)
  region size 1024K, 1 young (1024K), 0 survivors (0K)
 Metaspace       used 41597K, committed 41984K, reserved 1089536K
  class space    used 5728K, committed 5888K, reserved 1048576K
}
Event: 46905.207 GC heap after
{Heap after GC invocations=1862 (full 1823):
 garbage-first heap   total 78848K, used 23480K [0x00000000a0c00000, 0x0000000100000000)
  region size 1024K, 0 young (0K), 0 survivors (0K)
 Metaspace       used 41597K, committed 41984K, reserved 1089536K
  class space    used 5728K, committed 5888K, reserved 1048576K
}
Event: 46915.903 GC heap before
{Heap before GC invocations=1862 (full 1823):
 garbage-first heap   total 78848K, used 23480K [0x00000000a0c00000, 0x0000000100000000)
  region size 1024K, 1 young (1024K), 0 survivors (0K)
 Metaspace       used 41597K, committed 41984K, reserved 1089536K
  class space    used 5728K, committed 5888K, reserved 1048576K
}
Event: 46915.950 GC heap after
{Heap after GC invocations=1863 (full 1824):
 garbage-first heap   total 78848K, used 23480K [0x00000000a0c00000, 0x0000000100000000)
  region size 1024K, 0 young (0K), 0 survivors (0K)
 Metaspace       used 41597K, committed 41984K, reserved 1089536K
  class space    used 5728K, committed 5888K, reserved 1048576K
}
Event: 46926.161 GC heap before
{Heap before GC invocations=1863 (full 1824):
 garbage-first heap   total 78848K, used 23480K [0x00000000a0c00000, 0x0000000100000000)
  region size 1024K, 1 young (1024K), 0 survivors (0K)
 Metaspace       used 41597K, committed 41984K, reserved 1089536K
  class space    used 5728K, committed 5888K, reserved 1048576K
}
Event: 46926.198 GC heap after
{Heap after GC invocations=1864 (full 1825):
 garbage-first heap   total 78848K, used 23480K [0x00000000a0c00000, 0x0000000100000000)
  region size 1024K, 0 young (0K), 0 survivors (0K)
 Metaspace       used 41597K, committed 41984K, reserved 1089536K
  class space    used 5728K, committed 5888K, reserved 1048576K
}
Event: 46936.673 GC heap before
{Heap before GC invocations=1864 (full 1825):
 garbage-first heap   total 78848K, used 23480K [0x00000000a0c00000, 0x0000000100000000)
  region size 1024K, 1 young (1024K), 0 survivors (0K)
 Metaspace       used 41597K, committed 41984K, reserved 1089536K
  class space    used 5728K, committed 5888K, reserved 1048576K
}
Event: 46936.756 GC heap after
{Heap after GC invocations=1865 (full 1826):
 garbage-first heap   total 78848K, used 23480K [0x00000000a0c00000, 0x0000000100000000)
  region size 1024K, 0 young (0K), 0 survivors (0K)
 Metaspace       used 41597K, committed 41984K, reserved 1089536K
  class space    used 5728K, committed 5888K, reserved 1048576K
}
Event: 46947.073 GC heap before
{Heap before GC invocations=1865 (full 1826):
 garbage-first heap   total 78848K, used 23480K [0x00000000a0c00000, 0x0000000100000000)
  region size 1024K, 1 young (1024K), 0 survivors (0K)
 Metaspace       used 41597K, committed 41984K, reserved 1089536K
  class space    used 5728K, committed 5888K, reserved 1048576K
}
Event: 46947.130 GC heap after
{Heap after GC invocations=1866 (full 1827):
 garbage-first heap   total 78848K, used 23480K [0x00000000a0c00000, 0x0000000100000000)
  region size 1024K, 0 young (0K), 0 survivors (0K)
 Metaspace       used 41597K, committed 41984K, reserved 1089536K
  class space    used 5728K, committed 5888K, reserved 1048576K
}
Event: 46957.601 GC heap before
{Heap before GC invocations=1866 (full 1827):
 garbage-first heap   total 78848K, used 23480K [0x00000000a0c00000, 0x0000000100000000)
  region size 1024K, 1 young (1024K), 0 survivors (0K)
 Metaspace       used 41597K, committed 41984K, reserved 1089536K
  class space    used 5728K, committed 5888K, reserved 1048576K
}
Event: 46957.638 GC heap after
{Heap after GC invocations=1867 (full 1828):
 garbage-first heap   total 78848K, used 23480K [0x00000000a0c00000, 0x0000000100000000)
  region size 1024K, 0 young (0K), 0 survivors (0K)
 Metaspace       used 41597K, committed 41984K, reserved 1089536K
  class space    used 5728K, committed 5888K, reserved 1048576K
}
Event: 46967.835 GC heap before
{Heap before GC invocations=1867 (full 1828):
 garbage-first heap   total 78848K, used 23480K [0x00000000a0c00000, 0x0000000100000000)
  region size 1024K, 1 young (1024K), 0 survivors (0K)
 Metaspace       used 41597K, committed 41984K, reserved 1089536K
  class space    used 5728K, committed 5888K, reserved 1048576K
}
Event: 46967.869 GC heap after
{Heap after GC invocations=1868 (full 1829):
 garbage-first heap   total 78848K, used 23480K [0x00000000a0c00000, 0x0000000100000000)
  region size 1024K, 0 young (0K), 0 survivors (0K)
 Metaspace       used 41597K, committed 41984K, reserved 1089536K
  class space    used 5728K, committed 5888K, reserved 1048576K
}
Event: 46978.050 GC heap before
{Heap before GC invocations=1868 (full 1829):
 garbage-first heap   total 78848K, used 23480K [0x00000000a0c00000, 0x0000000100000000)
  region size 1024K, 1 young (1024K), 0 survivors (0K)
 Metaspace       used 41597K, committed 41984K, reserved 1089536K
  class space    used 5728K, committed 5888K, reserved 1048576K
}
Event: 46978.082 GC heap after
{Heap after GC invocations=1869 (full 1830):
 garbage-first heap   total 78848K, used 23480K [0x00000000a0c00000, 0x0000000100000000)
  region size 1024K, 0 young (0K), 0 survivors (0K)
 Metaspace       used 41597K, committed 41984K, reserved 1089536K
  class space    used 5728K, committed 5888K, reserved 1048576K
}
Event: 46988.277 GC heap before
{Heap before GC invocations=1869 (full 1830):
 garbage-first heap   total 78848K, used 23480K [0x00000000a0c00000, 0x0000000100000000)
  region size 1024K, 1 young (1024K), 0 survivors (0K)
 Metaspace       used 41597K, committed 41984K, reserved 1089536K
  class space    used 5728K, committed 5888K, reserved 1048576K
}
Event: 46988.311 GC heap after
{Heap after GC invocations=1870 (full 1831):
 garbage-first heap   total 78848K, used 23480K [0x00000000a0c00000, 0x0000000100000000)
  region size 1024K, 0 young (0K), 0 survivors (0K)
 Metaspace       used 41597K, committed 41984K, reserved 1089536K
  class space    used 5728K, committed 5888K, reserved 1048576K
}

